Mon Jul 31 2017  08:43-16:05 projectZ
Fri Aug 04 2017  09:30-16:35 projectX	
Fri Aug 04 2017  19:13-20:35 projectX
Fri Aug 04 2017  22:06-22:22 projectX
Sun Aug 06 2017  17:55-19:05
Mon Aug 07 2017  09:25-16:03 projectX
Mon Aug 07 2017  18:08-19:03
Mon Aug 07 2017  20:40-21:02 projectZ
Tue Aug 08 2017  07:47-08:44 projectZ
Tue Aug 08 2017  09:30-15:37 projectY
Wed Aug 09 2017  08:06-10:20 projectZ
Wed Aug 09 2017  11:04-16:37
Thu Aug 10 2017  07:19-07:43 projectY
Thu Aug 10 2017  08:30-15:50
Thu Aug 10 2017  19:21-20:01 projectY
Fri Aug 11 2017  09:48-12:17 projectY
Fri Aug 11 2017  13:47-16:00
Fri Aug 11 2017  16:48-17:16 projectA
Sun Aug 13 2017  19:42-20:36 projectA
Sun Aug 13 2017  21:30-22:34
Mon Aug 14 2017  07:54-08:18 projectZ
Mon Aug 14 2017  09:05-16:45 projectZ
Mon Aug 14 2017  19:18-20:28
Tue Aug 15 2017  07:22-08:20 projectZ
Tue Aug 15 2017  09:02-16:30 projectZ
Tue Aug 15 2017  18:55-20:49 projectY
Wed Aug 16 2017  09:00-14:10 projectZ
Wed Aug 16 2017  14:50-17:26 projectZ
Wed Aug 16 2017  18:39-20:18
Thu Aug 17 2017  09:00-10:00 projectZ
Thu Aug 17 2017  10:00-16:00 projectA
Sat Aug 19 2017  07:07-09:13 projectX
Sun Aug 20 2017  08:32-09:25
Mon Aug 21 2017  11:42-14:07
Mon Aug 21 2017  15:14-16:40 projectA
Mon Aug 21 2017  17:25-18:44 projectX
Tue Aug 22 2017  07:11-07:58
Tue Aug 22 2017  08:50-16:15 projectZ
Wed Aug 23 2017  07:55-08:16
Wed Aug 23 2017  08:55-16:15 projectX
Wed Aug 23 2017  20:39-21:27
Thu Aug 24 2017  10:44-16:46
Thu Aug 24 2017  20:51-22:42 projectY
Fri Aug 25 2017  08:23-10:48
Fri Aug 25 2017  12:16-12:57 projectY
Fri Aug 25 2017  14:25-15:50 projectX
Fri Aug 25 2017  16:15-17:15
Sat Aug 26 2017  10:41-11:37
Sun Aug 27 2017  08:15-09:16 projectX
Sun Aug 27 2017  18:54-20:14
Sun Aug 27 2017  20:35-23:00 projectY
Mon Aug 28 2017  07:58-08:47 
Mon Aug 28 2017  09:22-16:15 projectA
Tue Aug 29 2017  08:13-08:39 projectX
Tue Aug 29 2017  09:30-16:15
Wed Aug 30 2017  08:05-08:30 projectX	
Wed Aug 30 2017  09:20-15:30
Wed Aug 30 2017  19:35-21:20 projectZ
Thu Aug 31 2017  08:00-11:00 projectX
Thu Aug 31 2017  13:10-17:10
Fri Sep 01 2017  08:34-11:32 projectX
Mon Sep 04 2017  19:46-20:47 projectZ
Tue Sep 05 2017  09:42-16:15 projectZ
Wed Sep 06 2017  09:05-15:07
Wed Sep 06 2017  17:39-18:52 projectX
Thu Sep 07 2017  07:49-08:23
Thu Sep 07 2017  09:20-15:00
Thu Sep 07 2017  16:08-16:30 projectA
Thu Sep 07 2017  19:30-20:48
Thu Sep 07 2017  21:04-22:00 projectX
Fri Sep 08 2017  08:36-12:33
Fri Sep 08 2017  12:57-17:00 projectY
Sun Sep 10 2017  18:41-19:13 projectY
Mon Sep 11 2017  08:25-08:41 projectA
Mon Sep 11 2017  09:30-15:30
Tue Sep 12 2017  07:28-08:27 projectZ
Tue Sep 12 2017  09:09-16:45 projectZ
Wed Sep 13 2017  08:14-16:11 projectX
Thu Sep 14 2017  19:30-19:30
Thu Sep 14 2017  19:31-19:31 projectY
Sat Sep 16 2017  21:58-21:58 projectY
Sat Sep 16 2017  22:06-22:09
Fri May 04 2018  15:09-15:09 projectX
Fri May 04 2018  15:11-15:12
Fri May 04 2018  15:12-15:12 projectA
Fri May 04 2018  08:13-15:13 projectA
Fri May 04 2018  11:18-15:18 projectA
Fri May 04 2018  15:20-15:20 projectY
Tue May 08 2018  15:10-15:10
Mon Feb 11 2019  08:37-12:54 projectX
Mon Feb 11 2019  15:00-22:55 projectY
Tue Feb 12 2019  08:37-12:54 projectX
Tue Feb 12 2019  11:00-22:55 projectY
Thu Feb 14 2019  08:37-12:54 projectX
Thu Feb 14 2019  14:00-22:55 projectY
Fri Feb 15 2019  08:37-12:54 projectX
Fri Feb 15 2019  12:00-22:55 projectY
Tue Feb 12 2019  09:06-09:10 projectZ
